<?xml version="1.0" encoding="UTF-8"?>
<testng-results ignored="0" total="1" passed="1" failed="0" skipped="0">
  <reporter-output>
  </reporter-output>
  <suite started-at="2022-10-17T22:09:47 CST" name="Default suite" finished-at="2022-10-17T22:10:00 CST" duration-ms="12890">
    <groups>
    </groups>
    <test started-at="2022-10-17T22:09:47 CST" name="Default test" finished-at="2022-10-17T22:10:00 CST" duration-ms="12890">
      <class name="Tests.Task_1">
        <test-method is-config="true" signature="beforeClass()[pri:0, instance:Tests.Task_1@4b5a5ed1]" started-at="2022-10-17T22:09:47 CST" name="beforeClass" finished-at="2022-10-17T22:09:52 CST" duration-ms="5115" status="PASS">
          <reporter-output>
          </reporter-output>
        </test-method> <!-- beforeClass -->
        <test-method is-config="true" signature="beforeTest()[pri:0, instance:Tests.Task_1@4b5a5ed1]" started-at="2022-10-17T22:09:52 CST" name="beforeTest" finished-at="2022-10-17T22:09:55 CST" duration-ms="2535" status="PASS">
          <reporter-output>
          </reporter-output>
        </test-method> <!-- beforeTest -->
        <test-method signature="changeCountrySelection()[pri:0, instance:Tests.Task_1@4b5a5ed1]" started-at="2022-10-17T22:09:55 CST" name="changeCountrySelection" finished-at="2022-10-17T22:10:00 CST" duration-ms="5009" status="PASS">
          <reporter-output>
          </reporter-output>
        </test-method> <!-- changeCountrySelection -->
        <test-method is-config="true" signature="afterTest()[pri:0, instance:Tests.Task_1@4b5a5ed1]" started-at="2022-10-17T22:10:00 CST" name="afterTest" finished-at="2022-10-17T22:10:00 CST" duration-ms="0" status="PASS">
          <reporter-output>
          </reporter-output>
        </test-method> <!-- afterTest -->
        <test-method is-config="true" signature="afterClass()[pri:0, instance:Tests.Task_1@4b5a5ed1]" started-at="2022-10-17T22:10:00 CST" name="afterClass" finished-at="2022-10-17T22:10:00 CST" duration-ms="198" status="PASS">
          <reporter-output>
          </reporter-output>
        </test-method> <!-- afterClass -->
      </class> <!-- Tests.Task_1 -->
    </test> <!-- Default test -->
  </suite> <!-- Default suite -->
</testng-results>
